\BOOKMARK [1][-]{section.1}{\376\377\000I\000n\000t\000r\000o\000d\000u\000c\000t\000i\000o\000n}{}% 1
\BOOKMARK [2][-]{subsection.1.1}{\376\377\000P\000r\000o\000b\000l\000e\000m\000\040\000S\000t\000a\000t\000e\000m\000e\000n\000t}{section.1}% 2
\BOOKMARK [2][-]{subsection.1.2}{\376\377\000C\000o\000n\000t\000r\000i\000b\000u\000t\000i\000o\000n\000s}{section.1}% 3
\BOOKMARK [2][-]{subsection.1.3}{\376\377\000P\000a\000p\000e\000r\000\040\000O\000r\000g\000a\000n\000i\000z\000a\000t\000i\000o\000n}{section.1}% 4
\BOOKMARK [1][-]{section.2}{\376\377\000R\000e\000l\000a\000t\000e\000d\000\040\000W\000o\000r\000k}{}% 5
\BOOKMARK [2][-]{subsection.2.1}{\376\377\000E\000n\000e\000r\000g\000y\000-\000E\000f\000f\000i\000c\000i\000e\000n\000t\000\040\000G\000P\000U\000\040\000C\000o\000m\000p\000u\000t\000i\000n\000g}{section.2}% 6
\BOOKMARK [2][-]{subsection.2.2}{\376\377\000M\000a\000t\000r\000i\000x\000\040\000M\000u\000l\000t\000i\000p\000l\000i\000c\000a\000t\000i\000o\000n\000\040\000O\000p\000t\000i\000m\000i\000z\000a\000t\000i\000o\000n}{section.2}% 7
\BOOKMARK [2][-]{subsection.2.3}{\376\377\000L\000e\000g\000a\000c\000y\000\040\000H\000a\000r\000d\000w\000a\000r\000e\000\040\000O\000p\000t\000i\000m\000i\000z\000a\000t\000i\000o\000n}{section.2}% 8
\BOOKMARK [2][-]{subsection.2.4}{\376\377\000P\000o\000w\000e\000r\000\040\000P\000r\000o\000f\000i\000l\000i\000n\000g\000\040\000F\000r\000a\000m\000e\000w\000o\000r\000k\000s}{section.2}% 9
\BOOKMARK [2][-]{subsection.2.5}{\376\377\000M\000a\000c\000h\000i\000n\000e\000\040\000L\000e\000a\000r\000n\000i\000n\000g\000\040\000f\000o\000r\000\040\000A\000l\000g\000o\000r\000i\000t\000h\000m\000\040\000S\000e\000l\000e\000c\000t\000i\000o\000n}{section.2}% 10
\BOOKMARK [2][-]{subsection.2.6}{\376\377\000G\000a\000p\000\040\000A\000n\000a\000l\000y\000s\000i\000s}{section.2}% 11
\BOOKMARK [1][-]{section.3}{\376\377\000M\000e\000t\000h\000o\000d\000o\000l\000o\000g\000y}{}% 12
\BOOKMARK [2][-]{subsection.3.1}{\376\377\000H\000a\000r\000d\000w\000a\000r\000e\000\040\000P\000l\000a\000t\000f\000o\000r\000m}{section.3}% 13
\BOOKMARK [2][-]{subsection.3.2}{\376\377\000S\000o\000f\000t\000w\000a\000r\000e\000\040\000S\000t\000a\000c\000k}{section.3}% 14
\BOOKMARK [2][-]{subsection.3.3}{\376\377\000B\000e\000n\000c\000h\000m\000a\000r\000k\000\040\000D\000a\000t\000a\000s\000e\000t}{section.3}% 15
\BOOKMARK [2][-]{subsection.3.4}{\376\377\000P\000e\000r\000f\000o\000r\000m\000a\000n\000c\000e\000\040\000M\000e\000t\000r\000i\000c\000s}{section.3}% 16
\BOOKMARK [2][-]{subsection.3.5}{\376\377\000E\000x\000p\000e\000r\000i\000m\000e\000n\000t\000a\000l\000\040\000P\000r\000o\000t\000o\000c\000o\000l}{section.3}% 17
\BOOKMARK [2][-]{subsection.3.6}{\376\377\000P\000o\000w\000e\000r\000\040\000M\000e\000a\000s\000u\000r\000e\000m\000e\000n\000t\000\040\000M\000e\000t\000h\000o\000d\000o\000l\000o\000g\000y}{section.3}% 18
\BOOKMARK [2][-]{subsection.3.7}{\376\377\000S\000t\000a\000t\000i\000s\000t\000i\000c\000a\000l\000\040\000A\000n\000a\000l\000y\000s\000i\000s}{section.3}% 19
\BOOKMARK [1][-]{section.4}{\376\377\000S\000y\000s\000t\000e\000m\000\040\000A\000r\000c\000h\000i\000t\000e\000c\000t\000u\000r\000e}{}% 20
\BOOKMARK [2][-]{subsection.4.1}{\376\377\000O\000v\000e\000r\000a\000l\000l\000\040\000S\000y\000s\000t\000e\000m\000\040\000D\000e\000s\000i\000g\000n}{section.4}% 21
\BOOKMARK [2][-]{subsection.4.2}{\376\377\000A\000p\000p\000l\000i\000c\000a\000t\000i\000o\000n\000\040\000L\000a\000y\000e\000r}{section.4}% 22
\BOOKMARK [2][-]{subsection.4.3}{\376\377\000O\000p\000t\000i\000m\000i\000z\000a\000t\000i\000o\000n\000\040\000L\000a\000y\000e\000r}{section.4}% 23
\BOOKMARK [3][-]{subsubsection.4.3.1}{\376\377\000A\000l\000g\000o\000r\000i\000t\000h\000m\000\040\000I\000m\000p\000l\000e\000m\000e\000n\000t\000a\000t\000i\000o\000n\000s}{subsection.4.3}% 24
\BOOKMARK [3][-]{subsubsection.4.3.2}{\376\377\000I\000n\000t\000e\000l\000l\000i\000g\000e\000n\000t\000\040\000T\000e\000c\000h\000n\000i\000q\000u\000e\000\040\000S\000e\000l\000e\000c\000t\000o\000r}{subsection.4.3}% 25
\BOOKMARK [2][-]{subsection.4.4}{\376\377\000H\000a\000r\000d\000w\000a\000r\000e\000\040\000A\000b\000s\000t\000r\000a\000c\000t\000i\000o\000n\000\040\000L\000a\000y\000e\000r}{section.4}% 26
\BOOKMARK [2][-]{subsection.4.5}{\376\377\000P\000o\000w\000e\000r\000\040\000P\000r\000o\000f\000i\000l\000i\000n\000g\000\040\000F\000r\000a\000m\000e\000w\000o\000r\000k}{section.4}% 27
\BOOKMARK [3][-]{subsubsection.4.5.1}{\376\377\000P\000o\000w\000e\000r\000\040\000S\000e\000n\000s\000o\000r\000s}{subsection.4.5}% 28
\BOOKMARK [3][-]{subsubsection.4.5.2}{\376\377\000P\000e\000r\000f\000o\000r\000m\000a\000n\000c\000e\000\040\000C\000o\000u\000n\000t\000e\000r\000s}{subsection.4.5}% 29
\BOOKMARK [3][-]{subsubsection.4.5.3}{\376\377\000T\000h\000e\000r\000m\000a\000l\000\040\000M\000o\000n\000i\000t\000o\000r\000i\000n\000g}{subsection.4.5}% 30
\BOOKMARK [2][-]{subsection.4.6}{\376\377\000D\000a\000t\000a\000\040\000M\000a\000n\000a\000g\000e\000m\000e\000n\000t\000\040\000L\000a\000y\000e\000r}{section.4}% 31
\BOOKMARK [2][-]{subsection.4.7}{\376\377\000S\000y\000s\000t\000e\000m\000\040\000I\000n\000t\000e\000g\000r\000a\000t\000i\000o\000n}{section.4}% 32
\BOOKMARK [1][-]{section.5}{\376\377\000P\000o\000w\000e\000r\000\040\000P\000r\000o\000f\000i\000l\000i\000n\000g\000\040\000F\000r\000a\000m\000e\000w\000o\000r\000k}{}% 33
\BOOKMARK [2][-]{subsection.5.1}{\376\377\000F\000r\000a\000m\000e\000w\000o\000r\000k\000\040\000O\000v\000e\000r\000v\000i\000e\000w}{section.5}% 34
\BOOKMARK [2][-]{subsection.5.2}{\376\377\000P\000o\000w\000e\000r\000\040\000M\000e\000a\000s\000u\000r\000e\000m\000e\000n\000t\000\040\000A\000r\000c\000h\000i\000t\000e\000c\000t\000u\000r\000e}{section.5}% 35
\BOOKMARK [2][-]{subsection.5.3}{\376\377\000G\000P\000U\000\040\000P\000o\000w\000e\000r\000\040\000S\000e\000n\000s\000o\000r\000s}{section.5}% 36
\BOOKMARK [3][-]{subsubsection.5.3.1}{\376\377\000A\000M\000D\000G\000P\000U\000\040\000D\000r\000i\000v\000e\000r\000\040\000I\000n\000t\000e\000r\000f\000a\000c\000e}{subsection.5.3}% 37
\BOOKMARK [3][-]{subsubsection.5.3.2}{\376\377\000S\000e\000n\000s\000o\000r\000\040\000C\000a\000l\000i\000b\000r\000a\000t\000i\000o\000n}{subsection.5.3}% 38
\BOOKMARK [2][-]{subsection.5.4}{\376\377\000R\000e\000a\000l\000-\000T\000i\000m\000e\000\040\000P\000o\000w\000e\000r\000\040\000M\000o\000n\000i\000t\000o\000r\000i\000n\000g}{section.5}% 39
\BOOKMARK [3][-]{subsubsection.5.4.1}{\376\377\000S\000a\000m\000p\000l\000i\000n\000g\000\040\000S\000t\000r\000a\000t\000e\000g\000y}{subsection.5.4}% 40
\BOOKMARK [3][-]{subsubsection.5.4.2}{\376\377\000P\000o\000w\000e\000r\000\040\000T\000r\000a\000c\000e\000\040\000C\000o\000l\000l\000e\000c\000t\000i\000o\000n}{subsection.5.4}% 41
\BOOKMARK [2][-]{subsection.5.5}{\376\377\000E\000n\000e\000r\000g\000y\000\040\000C\000o\000n\000s\000u\000m\000p\000t\000i\000o\000n\000\040\000A\000n\000a\000l\000y\000s\000i\000s}{section.5}% 42
\BOOKMARK [3][-]{subsubsection.5.5.1}{\376\377\000P\000o\000w\000e\000r\000\040\000I\000n\000t\000e\000g\000r\000a\000t\000i\000o\000n}{subsection.5.5}% 43
\BOOKMARK [3][-]{subsubsection.5.5.2}{\376\377\000D\000i\000s\000c\000r\000e\000t\000e\000\040\000I\000n\000t\000e\000g\000r\000a\000t\000i\000o\000n\000\040\000M\000e\000t\000h\000o\000d\000s}{subsection.5.5}% 44
\BOOKMARK [2][-]{subsection.5.6}{\376\377\000P\000e\000r\000f\000o\000r\000m\000a\000n\000c\000e\000-\000E\000n\000e\000r\000g\000y\000\040\000C\000o\000r\000r\000e\000l\000a\000t\000i\000o\000n}{section.5}% 45
\BOOKMARK [3][-]{subsubsection.5.6.1}{\376\377\000M\000e\000t\000r\000i\000c\000s\000\040\000D\000e\000f\000i\000n\000i\000t\000i\000o\000n}{subsection.5.6}% 46
\BOOKMARK [2][-]{subsection.5.7}{\376\377\000T\000h\000e\000r\000m\000a\000l\000-\000P\000o\000w\000e\000r\000\040\000I\000n\000t\000e\000r\000a\000c\000t\000i\000o\000n}{section.5}% 47
\BOOKMARK [3][-]{subsubsection.5.7.1}{\376\377\000T\000e\000m\000p\000e\000r\000a\000t\000u\000r\000e\000\040\000E\000f\000f\000e\000c\000t\000s}{subsection.5.7}% 48
\BOOKMARK [3][-]{subsubsection.5.7.2}{\376\377\000T\000h\000e\000r\000m\000a\000l\000\040\000M\000o\000d\000e\000l\000i\000n\000g}{subsection.5.7}% 49
\BOOKMARK [2][-]{subsection.5.8}{\376\377\000P\000o\000w\000e\000r\000-\000A\000w\000a\000r\000e\000\040\000O\000p\000t\000i\000m\000i\000z\000a\000t\000i\000o\000n}{section.5}% 50
\BOOKMARK [3][-]{subsubsection.5.8.1}{\376\377\000D\000y\000n\000a\000m\000i\000c\000\040\000V\000o\000l\000t\000a\000g\000e\000\040\000S\000c\000a\000l\000i\000n\000g}{subsection.5.8}% 51
\BOOKMARK [3][-]{subsubsection.5.8.2}{\376\377\000P\000r\000e\000d\000i\000c\000t\000i\000v\000e\000\040\000P\000o\000w\000e\000r\000\040\000M\000a\000n\000a\000g\000e\000m\000e\000n\000t}{subsection.5.8}% 52
\BOOKMARK [2][-]{subsection.5.9}{\376\377\000F\000r\000a\000m\000e\000w\000o\000r\000k\000\040\000V\000a\000l\000i\000d\000a\000t\000i\000o\000n}{section.5}% 53
\BOOKMARK [3][-]{subsubsection.5.9.1}{\376\377\000C\000r\000o\000s\000s\000-\000P\000l\000a\000t\000f\000o\000r\000m\000\040\000V\000e\000r\000i\000f\000i\000c\000a\000t\000i\000o\000n}{subsection.5.9}% 54
\BOOKMARK [3][-]{subsubsection.5.9.2}{\376\377\000A\000c\000c\000u\000r\000a\000c\000y\000\040\000A\000s\000s\000e\000s\000s\000m\000e\000n\000t}{subsection.5.9}% 55
\BOOKMARK [1][-]{section.6}{\376\377\000O\000p\000t\000i\000m\000i\000z\000a\000t\000i\000o\000n\000\040\000A\000l\000g\000o\000r\000i\000t\000h\000m\000s}{}% 56
\BOOKMARK [2][-]{subsection.6.1}{\376\377\000A\000l\000g\000o\000r\000i\000t\000h\000m\000\040\000O\000v\000e\000r\000v\000i\000e\000w}{section.6}% 57
\BOOKMARK [2][-]{subsection.6.2}{\376\377\000L\000o\000w\000-\000R\000a\000n\000k\000\040\000M\000a\000t\000r\000i\000x\000\040\000A\000p\000p\000r\000o\000x\000i\000m\000a\000t\000i\000o\000n\000\040\000\050\000L\000R\000M\000A\000\051}{section.6}% 58
\BOOKMARK [3][-]{subsubsection.6.2.1}{\376\377\000A\000l\000g\000o\000r\000i\000t\000h\000m\000\040\000D\000e\000s\000c\000r\000i\000p\000t\000i\000o\000n}{subsection.6.2}% 59
\BOOKMARK [3][-]{subsubsection.6.2.2}{\376\377\000A\000d\000a\000p\000t\000i\000v\000e\000\040\000R\000a\000n\000k\000\040\000S\000e\000l\000e\000c\000t\000i\000o\000n}{subsection.6.2}% 60
\BOOKMARK [3][-]{subsubsection.6.2.3}{\376\377\000H\000a\000r\000d\000w\000a\000r\000e\000\040\000O\000p\000t\000i\000m\000i\000z\000a\000t\000i\000o\000n}{subsection.6.2}% 61
\BOOKMARK [2][-]{subsection.6.3}{\376\377\000C\000o\000p\000p\000e\000r\000s\000m\000i\000t\000h\000-\000W\000i\000n\000o\000g\000r\000a\000d\000\040\000A\000l\000g\000o\000r\000i\000t\000h\000m\000\040\000\050\000C\000W\000\051}{section.6}% 62
\BOOKMARK [3][-]{subsubsection.6.3.1}{\376\377\000T\000h\000e\000o\000r\000e\000t\000i\000c\000a\000l\000\040\000F\000o\000u\000n\000d\000a\000t\000i\000o\000n}{subsection.6.3}% 63
\BOOKMARK [3][-]{subsubsection.6.3.2}{\376\377\000P\000r\000a\000c\000t\000i\000c\000a\000l\000\040\000I\000m\000p\000l\000e\000m\000e\000n\000t\000a\000t\000i\000o\000n}{subsection.6.3}% 64
\BOOKMARK [3][-]{subsubsection.6.3.3}{\376\377\000G\000P\000U\000\040\000K\000e\000r\000n\000e\000l\000\040\000O\000p\000t\000i\000m\000i\000z\000a\000t\000i\000o\000n}{subsection.6.3}% 65
\BOOKMARK [2][-]{subsection.6.4}{\376\377\000Q\000u\000a\000n\000t\000u\000m\000\040\000A\000n\000n\000e\000a\000l\000i\000n\000g\000\040\000S\000i\000m\000u\000l\000a\000t\000o\000r\000\040\000\050\000Q\000A\000S\000\051}{section.6}% 66
\BOOKMARK [3][-]{subsubsection.6.4.1}{\376\377\000A\000l\000g\000o\000r\000i\000t\000h\000m\000\040\000M\000o\000t\000i\000v\000a\000t\000i\000o\000n}{subsection.6.4}% 67
\BOOKMARK [3][-]{subsubsection.6.4.2}{\376\377\000S\000i\000m\000u\000l\000a\000t\000e\000d\000\040\000A\000n\000n\000e\000a\000l\000i\000n\000g\000\040\000I\000m\000p\000l\000e\000m\000e\000n\000t\000a\000t\000i\000o\000n}{subsection.6.4}% 68
\BOOKMARK [3][-]{subsubsection.6.4.3}{\376\377\000P\000a\000r\000a\000l\000l\000e\000l\000\040\000O\000p\000t\000i\000m\000i\000z\000a\000t\000i\000o\000n}{subsection.6.4}% 69
\BOOKMARK [2][-]{subsection.6.5}{\376\377\000T\000e\000n\000s\000o\000r\000\040\000C\000o\000r\000e\000\040\000E\000m\000u\000l\000a\000t\000o\000r\000\040\000\050\000T\000C\000E\000\051}{section.6}% 70
\BOOKMARK [3][-]{subsubsection.6.5.1}{\376\377\000E\000m\000u\000l\000a\000t\000i\000o\000n\000\040\000S\000t\000r\000a\000t\000e\000g\000y}{subsection.6.5}% 71
\BOOKMARK [3][-]{subsubsection.6.5.2}{\376\377\000T\000i\000l\000e\000d\000\040\000M\000a\000t\000r\000i\000x\000\040\000M\000u\000l\000t\000i\000p\000l\000i\000c\000a\000t\000i\000o\000n}{subsection.6.5}% 72
\BOOKMARK [3][-]{subsubsection.6.5.3}{\376\377\000M\000e\000m\000o\000r\000y\000\040\000L\000a\000y\000o\000u\000t\000\040\000O\000p\000t\000i\000m\000i\000z\000a\000t\000i\000o\000n}{subsection.6.5}% 73
\BOOKMARK [2][-]{subsection.6.6}{\376\377\000A\000l\000g\000o\000r\000i\000t\000h\000m\000\040\000S\000e\000l\000e\000c\000t\000i\000o\000n\000\040\000F\000r\000a\000m\000e\000w\000o\000r\000k}{section.6}% 74
\BOOKMARK [3][-]{subsubsection.6.6.1}{\376\377\000F\000e\000a\000t\000u\000r\000e\000\040\000E\000x\000t\000r\000a\000c\000t\000i\000o\000n}{subsection.6.6}% 75
\BOOKMARK [3][-]{subsubsection.6.6.2}{\376\377\000M\000a\000c\000h\000i\000n\000e\000\040\000L\000e\000a\000r\000n\000i\000n\000g\000\040\000M\000o\000d\000e\000l}{subsection.6.6}% 76
\BOOKMARK [3][-]{subsubsection.6.6.3}{\376\377\000A\000d\000a\000p\000t\000i\000v\000e\000\040\000L\000e\000a\000r\000n\000i\000n\000g}{subsection.6.6}% 77
\BOOKMARK [1][-]{section.7}{\376\377\000E\000x\000p\000e\000r\000i\000m\000e\000n\000t\000a\000l\000\040\000R\000e\000s\000u\000l\000t\000s}{}% 78
\BOOKMARK [2][-]{subsection.7.1}{\376\377\000B\000e\000n\000c\000h\000m\000a\000r\000k\000\040\000S\000e\000t\000u\000p}{section.7}% 79
\BOOKMARK [2][-]{subsection.7.2}{\376\377\000A\000l\000g\000o\000r\000i\000t\000h\000m\000\040\000P\000e\000r\000f\000o\000r\000m\000a\000n\000c\000e\000\040\000C\000o\000m\000p\000a\000r\000i\000s\000o\000n}{section.7}% 80
\BOOKMARK [3][-]{subsubsection.7.2.1}{\376\377\000R\000a\000w\000\040\000P\000e\000r\000f\000o\000r\000m\000a\000n\000c\000e\000\040\000R\000e\000s\000u\000l\000t\000s}{subsection.7.2}% 81
\BOOKMARK [3][-]{subsubsection.7.2.2}{\376\377\000P\000e\000r\000f\000o\000r\000m\000a\000n\000c\000e\000\040\000A\000n\000a\000l\000y\000s\000i\000s}{subsection.7.2}% 82
\BOOKMARK [2][-]{subsection.7.3}{\376\377\000M\000a\000t\000r\000i\000x\000\040\000T\000y\000p\000e\000\040\000P\000e\000r\000f\000o\000r\000m\000a\000n\000c\000e}{section.7}% 83
\BOOKMARK [3][-]{subsubsection.7.3.1}{\376\377\000D\000e\000n\000s\000e\000\040\000v\000s\000.\000\040\000S\000p\000a\000r\000s\000e\000\040\000M\000a\000t\000r\000i\000c\000e\000s}{subsection.7.3}% 84
\BOOKMARK [2][-]{subsection.7.4}{\376\377\000P\000o\000w\000e\000r\000\040\000C\000o\000n\000s\000u\000m\000p\000t\000i\000o\000n\000\040\000A\000n\000a\000l\000y\000s\000i\000s}{section.7}% 85
\BOOKMARK [3][-]{subsubsection.7.4.1}{\376\377\000P\000o\000w\000e\000r\000\040\000P\000r\000o\000f\000i\000l\000e\000s}{subsection.7.4}% 86
\BOOKMARK [3][-]{subsubsection.7.4.2}{\376\377\000P\000o\000w\000e\000r\000\040\000E\000f\000f\000i\000c\000i\000e\000n\000c\000y\000\040\000M\000e\000t\000r\000i\000c\000s}{subsection.7.4}% 87
\BOOKMARK [2][-]{subsection.7.5}{\376\377\000I\000n\000t\000e\000l\000l\000i\000g\000e\000n\000t\000\040\000S\000e\000l\000e\000c\000t\000i\000o\000n\000\040\000P\000e\000r\000f\000o\000r\000m\000a\000n\000c\000e}{section.7}% 88
\BOOKMARK [3][-]{subsubsection.7.5.1}{\376\377\000S\000e\000l\000e\000c\000t\000i\000o\000n\000\040\000A\000c\000c\000u\000r\000a\000c\000y}{subsection.7.5}% 89
\BOOKMARK [3][-]{subsubsection.7.5.2}{\376\377\000P\000e\000r\000f\000o\000r\000m\000a\000n\000c\000e\000\040\000I\000m\000p\000r\000o\000v\000e\000m\000e\000n\000t}{subsection.7.5}% 90
\BOOKMARK [2][-]{subsection.7.6}{\376\377\000M\000e\000m\000o\000r\000y\000\040\000U\000t\000i\000l\000i\000z\000a\000t\000i\000o\000n}{section.7}% 91
\BOOKMARK [3][-]{subsubsection.7.6.1}{\376\377\000M\000e\000m\000o\000r\000y\000\040\000C\000o\000n\000s\000u\000m\000p\000t\000i\000o\000n\000\040\000P\000a\000t\000t\000e\000r\000n\000s}{subsection.7.6}% 92
\BOOKMARK [2][-]{subsection.7.7}{\376\377\000A\000l\000g\000o\000r\000i\000t\000h\000m\000\040\000S\000t\000a\000b\000i\000l\000i\000t\000y}{section.7}% 93
\BOOKMARK [3][-]{subsubsection.7.7.1}{\376\377\000N\000u\000m\000e\000r\000i\000c\000a\000l\000\040\000A\000c\000c\000u\000r\000a\000c\000y}{subsection.7.7}% 94
\BOOKMARK [3][-]{subsubsection.7.7.2}{\376\377\000E\000x\000e\000c\000u\000t\000i\000o\000n\000\040\000S\000t\000a\000b\000i\000l\000i\000t\000y}{subsection.7.7}% 95
\BOOKMARK [2][-]{subsection.7.8}{\376\377\000R\000e\000a\000l\000-\000W\000o\000r\000l\000d\000\040\000A\000p\000p\000l\000i\000c\000a\000t\000i\000o\000n\000\040\000P\000e\000r\000f\000o\000r\000m\000a\000n\000c\000e}{section.7}% 96
\BOOKMARK [3][-]{subsubsection.7.8.1}{\376\377\000D\000e\000e\000p\000\040\000L\000e\000a\000r\000n\000i\000n\000g\000\040\000I\000n\000f\000e\000r\000e\000n\000c\000e}{subsection.7.8}% 97
\BOOKMARK [2][-]{subsection.7.9}{\376\377\000S\000c\000a\000l\000a\000b\000i\000l\000i\000t\000y\000\040\000A\000n\000a\000l\000y\000s\000i\000s}{section.7}% 98
\BOOKMARK [3][-]{subsubsection.7.9.1}{\376\377\000L\000a\000r\000g\000e\000\040\000M\000a\000t\000r\000i\000x\000\040\000P\000e\000r\000f\000o\000r\000m\000a\000n\000c\000e}{subsection.7.9}% 99
\BOOKMARK [3][-]{subsubsection.7.9.2}{\376\377\000M\000u\000l\000t\000i\000-\000G\000P\000U\000\040\000C\000o\000n\000s\000i\000d\000e\000r\000a\000t\000i\000o\000n\000s}{subsection.7.9}% 100
\BOOKMARK [1][-]{section.8}{\376\377\000P\000e\000r\000f\000o\000r\000m\000a\000n\000c\000e\000\040\000A\000n\000a\000l\000y\000s\000i\000s}{}% 101
\BOOKMARK [2][-]{subsection.8.1}{\376\377\000A\000l\000g\000o\000r\000i\000t\000h\000m\000\040\000C\000h\000a\000r\000a\000c\000t\000e\000r\000i\000s\000t\000i\000c\000s\000\040\000A\000n\000a\000l\000y\000s\000i\000s}{section.8}% 102
\BOOKMARK [3][-]{subsubsection.8.1.1}{\376\377\000C\000o\000m\000p\000u\000t\000a\000t\000i\000o\000n\000a\000l\000\040\000C\000o\000m\000p\000l\000e\000x\000i\000t\000y}{subsection.8.1}% 103
\BOOKMARK [3][-]{subsubsection.8.1.2}{\376\377\000M\000e\000m\000o\000r\000y\000\040\000A\000c\000c\000e\000s\000s\000\040\000P\000a\000t\000t\000e\000r\000n\000s}{subsection.8.1}% 104
\BOOKMARK [2][-]{subsection.8.2}{\376\377\000H\000a\000r\000d\000w\000a\000r\000e\000\040\000U\000t\000i\000l\000i\000z\000a\000t\000i\000o\000n\000\040\000A\000n\000a\000l\000y\000s\000i\000s}{section.8}% 105
\BOOKMARK [3][-]{subsubsection.8.2.1}{\376\377\000G\000P\000U\000\040\000R\000e\000s\000o\000u\000r\000c\000e\000\040\000U\000t\000i\000l\000i\000z\000a\000t\000i\000o\000n}{subsection.8.2}% 106
\BOOKMARK [3][-]{subsubsection.8.2.2}{\376\377\000I\000n\000s\000t\000r\000u\000c\000t\000i\000o\000n\000\040\000M\000i\000x\000\040\000A\000n\000a\000l\000y\000s\000i\000s}{subsection.8.2}% 107
\BOOKMARK [2][-]{subsection.8.3}{\376\377\000S\000c\000a\000l\000a\000b\000i\000l\000i\000t\000y\000\040\000A\000n\000a\000l\000y\000s\000i\000s}{section.8}% 108
\BOOKMARK [3][-]{subsubsection.8.3.1}{\376\377\000S\000t\000r\000o\000n\000g\000\040\000S\000c\000a\000l\000i\000n\000g}{subsection.8.3}% 109
\BOOKMARK [3][-]{subsubsection.8.3.2}{\376\377\000W\000e\000a\000k\000\040\000S\000c\000a\000l\000i\000n\000g}{subsection.8.3}% 110
\BOOKMARK [2][-]{subsection.8.4}{\376\377\000P\000e\000r\000f\000o\000r\000m\000a\000n\000c\000e\000\040\000B\000o\000t\000t\000l\000e\000n\000e\000c\000k\000\040\000A\000n\000a\000l\000y\000s\000i\000s}{section.8}% 111
\BOOKMARK [3][-]{subsubsection.8.4.1}{\376\377\000M\000e\000m\000o\000r\000y\000\040\000B\000a\000n\000d\000w\000i\000d\000t\000h\000\040\000L\000i\000m\000i\000t\000a\000t\000i\000o\000n\000s}{subsection.8.4}% 112
\BOOKMARK [3][-]{subsubsection.8.4.2}{\376\377\000C\000o\000m\000p\000u\000t\000e\000\040\000L\000i\000m\000i\000t\000a\000t\000i\000o\000n\000s}{subsection.8.4}% 113
\BOOKMARK [2][-]{subsection.8.5}{\376\377\000A\000l\000g\000o\000r\000i\000t\000h\000m\000\040\000S\000e\000l\000e\000c\000t\000i\000o\000n\000\040\000I\000m\000p\000a\000c\000t}{section.8}% 114
\BOOKMARK [3][-]{subsubsection.8.5.1}{\376\377\000S\000e\000l\000e\000c\000t\000i\000o\000n\000\040\000A\000c\000c\000u\000r\000a\000c\000y\000\040\000v\000s\000.\000\040\000P\000e\000r\000f\000o\000r\000m\000a\000n\000c\000e}{subsection.8.5}% 115
\BOOKMARK [3][-]{subsubsection.8.5.2}{\376\377\000F\000e\000a\000t\000u\000r\000e\000\040\000I\000m\000p\000o\000r\000t\000a\000n\000c\000e\000\040\000A\000n\000a\000l\000y\000s\000i\000s}{subsection.8.5}% 116
\BOOKMARK [2][-]{subsection.8.6}{\376\377\000C\000o\000m\000p\000a\000r\000a\000t\000i\000v\000e\000\040\000A\000n\000a\000l\000y\000s\000i\000s}{section.8}% 117
\BOOKMARK [3][-]{subsubsection.8.6.1}{\376\377\000M\000o\000d\000e\000r\000n\000\040\000G\000P\000U\000\040\000C\000o\000m\000p\000a\000r\000i\000s\000o\000n}{subsection.8.6}% 118
\BOOKMARK [3][-]{subsubsection.8.6.2}{\376\377\000C\000P\000U\000\040\000B\000a\000s\000e\000l\000i\000n\000e\000\040\000C\000o\000m\000p\000a\000r\000i\000s\000o\000n}{subsection.8.6}% 119
\BOOKMARK [2][-]{subsection.8.7}{\376\377\000P\000e\000r\000f\000o\000r\000m\000a\000n\000c\000e\000\040\000P\000r\000e\000d\000i\000c\000t\000i\000o\000n\000\040\000M\000o\000d\000e\000l\000s}{section.8}% 120
\BOOKMARK [3][-]{subsubsection.8.7.1}{\376\377\000E\000m\000p\000i\000r\000i\000c\000a\000l\000\040\000P\000e\000r\000f\000o\000r\000m\000a\000n\000c\000e\000\040\000M\000o\000d\000e\000l\000s}{subsection.8.7}% 121
\BOOKMARK [3][-]{subsubsection.8.7.2}{\376\377\000M\000o\000d\000e\000l\000\040\000A\000c\000c\000u\000r\000a\000c\000y}{subsection.8.7}% 122
\BOOKMARK [2][-]{subsection.8.8}{\376\377\000R\000e\000a\000l\000-\000W\000o\000r\000l\000d\000\040\000P\000e\000r\000f\000o\000r\000m\000a\000n\000c\000e}{section.8}% 123
\BOOKMARK [3][-]{subsubsection.8.8.1}{\376\377\000D\000e\000e\000p\000\040\000L\000e\000a\000r\000n\000i\000n\000g\000\040\000W\000o\000r\000k\000l\000o\000a\000d\000s}{subsection.8.8}% 124
\BOOKMARK [3][-]{subsubsection.8.8.2}{\376\377\000W\000o\000r\000k\000l\000o\000a\000d\000\040\000C\000h\000a\000r\000a\000c\000t\000e\000r\000i\000z\000a\000t\000i\000o\000n}{subsection.8.8}% 125
\BOOKMARK [1][-]{section.9}{\376\377\000E\000n\000e\000r\000g\000y\000\040\000E\000f\000f\000i\000c\000i\000e\000n\000c\000y\000\040\000A\000n\000a\000l\000y\000s\000i\000s}{}% 126
\BOOKMARK [2][-]{subsection.9.1}{\376\377\000E\000n\000e\000r\000g\000y\000\040\000C\000o\000n\000s\000u\000m\000p\000t\000i\000o\000n\000\040\000M\000e\000t\000r\000i\000c\000s}{section.9}% 127
\BOOKMARK [3][-]{subsubsection.9.1.1}{\376\377\000P\000o\000w\000e\000r\000-\000P\000e\000r\000f\000o\000r\000m\000a\000n\000c\000e\000\040\000P\000r\000o\000d\000u\000c\000t}{subsection.9.1}% 128
\BOOKMARK [2][-]{subsection.9.2}{\376\377\000P\000o\000w\000e\000r\000\040\000C\000o\000n\000s\000u\000m\000p\000t\000i\000o\000n\000\040\000C\000h\000a\000r\000a\000c\000t\000e\000r\000i\000z\000a\000t\000i\000o\000n}{section.9}% 129
\BOOKMARK [3][-]{subsubsection.9.2.1}{\376\377\000A\000l\000g\000o\000r\000i\000t\000h\000m\000-\000S\000p\000e\000c\000i\000f\000i\000c\000\040\000P\000o\000w\000e\000r\000\040\000P\000r\000o\000f\000i\000l\000e\000s}{subsection.9.2}% 130
\BOOKMARK [3][-]{subsubsection.9.2.2}{\376\377\000D\000y\000n\000a\000m\000i\000c\000\040\000P\000o\000w\000e\000r\000\040\000B\000e\000h\000a\000v\000i\000o\000r}{subsection.9.2}% 131
\BOOKMARK [2][-]{subsection.9.3}{\376\377\000E\000n\000e\000r\000g\000y\000\040\000E\000f\000f\000i\000c\000i\000e\000n\000c\000y\000\040\000R\000e\000s\000u\000l\000t\000s}{section.9}% 132
\BOOKMARK [3][-]{subsubsection.9.3.1}{\376\377\000C\000o\000m\000p\000a\000r\000a\000t\000i\000v\000e\000\040\000E\000n\000e\000r\000g\000y\000\040\000E\000f\000f\000i\000c\000i\000e\000n\000c\000y}{subsection.9.3}% 133
\BOOKMARK [3][-]{subsubsection.9.3.2}{\376\377\000K\000e\000y\000\040\000F\000i\000n\000d\000i\000n\000g\000s}{subsection.9.3}% 134
\BOOKMARK [2][-]{subsection.9.4}{\376\377\000T\000h\000e\000r\000m\000a\000l\000-\000E\000n\000e\000r\000g\000y\000\040\000I\000n\000t\000e\000r\000a\000c\000t\000i\000o\000n\000s}{section.9}% 135
\BOOKMARK [3][-]{subsubsection.9.4.1}{\376\377\000T\000e\000m\000p\000e\000r\000a\000t\000u\000r\000e\000\040\000E\000f\000f\000e\000c\000t\000s\000\040\000o\000n\000\040\000P\000o\000w\000e\000r}{subsection.9.4}% 136
\BOOKMARK [3][-]{subsubsection.9.4.2}{\376\377\000T\000h\000e\000r\000m\000a\000l\000\040\000M\000a\000n\000a\000g\000e\000m\000e\000n\000t\000\040\000I\000m\000p\000a\000c\000t}{subsection.9.4}% 137
\BOOKMARK [2][-]{subsection.9.5}{\376\377\000P\000o\000w\000e\000r\000-\000A\000w\000a\000r\000e\000\040\000O\000p\000t\000i\000m\000i\000z\000a\000t\000i\000o\000n\000\040\000S\000t\000r\000a\000t\000e\000g\000i\000e\000s}{section.9}% 138
\BOOKMARK [3][-]{subsubsection.9.5.1}{\376\377\000D\000y\000n\000a\000m\000i\000c\000\040\000V\000o\000l\000t\000a\000g\000e\000\040\000a\000n\000d\000\040\000F\000r\000e\000q\000u\000e\000n\000c\000y\000\040\000S\000c\000a\000l\000i\000n\000g}{subsection.9.5}% 139
\BOOKMARK [3][-]{subsubsection.9.5.2}{\376\377\000A\000l\000g\000o\000r\000i\000t\000h\000m\000\040\000S\000e\000l\000e\000c\000t\000i\000o\000n\000\040\000f\000o\000r\000\040\000P\000o\000w\000e\000r\000\040\000C\000o\000n\000s\000t\000r\000a\000i\000n\000t\000s}{subsection.9.5}% 140
\BOOKMARK [2][-]{subsection.9.6}{\376\377\000E\000n\000e\000r\000g\000y\000-\000E\000f\000f\000i\000c\000i\000e\000n\000t\000\040\000S\000c\000h\000e\000d\000u\000l\000i\000n\000g}{section.9}% 141
\BOOKMARK [3][-]{subsubsection.9.6.1}{\376\377\000B\000a\000t\000c\000h\000\040\000P\000r\000o\000c\000e\000s\000s\000i\000n\000g\000\040\000O\000p\000t\000i\000m\000i\000z\000a\000t\000i\000o\000n}{subsection.9.6}% 142
\BOOKMARK [3][-]{subsubsection.9.6.2}{\376\377\000W\000o\000r\000k\000l\000o\000a\000d\000\040\000C\000o\000n\000s\000o\000l\000i\000d\000a\000t\000i\000o\000n}{subsection.9.6}% 143
\BOOKMARK [2][-]{subsection.9.7}{\376\377\000S\000u\000s\000t\000a\000i\000n\000a\000b\000i\000l\000i\000t\000y\000\040\000I\000m\000p\000a\000c\000t}{section.9}% 144
\BOOKMARK [3][-]{subsubsection.9.7.1}{\376\377\000C\000a\000r\000b\000o\000n\000\040\000F\000o\000o\000t\000p\000r\000i\000n\000t\000\040\000R\000e\000d\000u\000c\000t\000i\000o\000n}{subsection.9.7}% 145
\BOOKMARK [3][-]{subsubsection.9.7.2}{\376\377\000E\000n\000e\000r\000g\000y\000\040\000C\000o\000s\000t\000\040\000S\000a\000v\000i\000n\000g\000s}{subsection.9.7}% 146
\BOOKMARK [2][-]{subsection.9.8}{\376\377\000C\000o\000m\000p\000a\000r\000a\000t\000i\000v\000e\000\040\000E\000n\000e\000r\000g\000y\000\040\000A\000n\000a\000l\000y\000s\000i\000s}{section.9}% 147
\BOOKMARK [3][-]{subsubsection.9.8.1}{\376\377\000M\000o\000d\000e\000r\000n\000\040\000G\000P\000U\000\040\000C\000o\000m\000p\000a\000r\000i\000s\000o\000n}{subsection.9.8}% 148
\BOOKMARK [3][-]{subsubsection.9.8.2}{\376\377\000C\000P\000U\000\040\000v\000s\000.\000\040\000G\000P\000U\000\040\000E\000n\000e\000r\000g\000y\000\040\000E\000f\000f\000i\000c\000i\000e\000n\000c\000y}{subsection.9.8}% 149
\BOOKMARK [2][-]{subsection.9.9}{\376\377\000E\000n\000e\000r\000g\000y\000-\000A\000w\000a\000r\000e\000\040\000A\000l\000g\000o\000r\000i\000t\000h\000m\000\040\000D\000e\000s\000i\000g\000n}{section.9}% 150
\BOOKMARK [3][-]{subsubsection.9.9.1}{\376\377\000F\000u\000t\000u\000r\000e\000\040\000O\000p\000t\000i\000m\000i\000z\000a\000t\000i\000o\000n\000\040\000O\000p\000p\000o\000r\000t\000u\000n\000i\000t\000i\000e\000s}{subsection.9.9}% 151
\BOOKMARK [3][-]{subsubsection.9.9.2}{\376\377\000F\000r\000a\000m\000e\000w\000o\000r\000k\000\040\000E\000x\000t\000e\000n\000s\000i\000o\000n\000s}{subsection.9.9}% 152
\BOOKMARK [1][-]{section.10}{\376\377\000C\000o\000n\000c\000l\000u\000s\000i\000o\000n\000s}{}% 153
\BOOKMARK [2][-]{subsection.10.1}{\376\377\000K\000e\000y\000\040\000C\000o\000n\000t\000r\000i\000b\000u\000t\000i\000o\000n\000s}{section.10}% 154
\BOOKMARK [3][-]{subsubsection.10.1.1}{\376\377\000H\000a\000r\000d\000w\000a\000r\000e\000-\000B\000a\000s\000e\000d\000\040\000P\000o\000w\000e\000r\000\040\000P\000r\000o\000f\000i\000l\000i\000n\000g\000\040\000F\000r\000a\000m\000e\000w\000o\000r\000k}{subsection.10.1}% 155
\BOOKMARK [3][-]{subsubsection.10.1.2}{\376\377\000M\000u\000l\000t\000i\000-\000A\000l\000g\000o\000r\000i\000t\000h\000m\000\040\000O\000p\000t\000i\000m\000i\000z\000a\000t\000i\000o\000n\000\040\000S\000y\000s\000t\000e\000m}{subsection.10.1}% 156
\BOOKMARK [3][-]{subsubsection.10.1.3}{\376\377\000I\000n\000t\000e\000l\000l\000i\000g\000e\000n\000t\000\040\000T\000e\000c\000h\000n\000i\000q\000u\000e\000\040\000S\000e\000l\000e\000c\000t\000i\000o\000n}{subsection.10.1}% 157
\BOOKMARK [2][-]{subsection.10.2}{\376\377\000E\000x\000p\000e\000r\000i\000m\000e\000n\000t\000a\000l\000\040\000V\000a\000l\000i\000d\000a\000t\000i\000o\000n}{section.10}% 158
\BOOKMARK [2][-]{subsection.10.3}{\376\377\000I\000m\000p\000a\000c\000t\000\040\000a\000n\000d\000\040\000I\000m\000p\000l\000i\000c\000a\000t\000i\000o\000n\000s}{section.10}% 159
\BOOKMARK [3][-]{subsubsection.10.3.1}{\376\377\000S\000u\000s\000t\000a\000i\000n\000a\000b\000i\000l\000i\000t\000y\000\040\000B\000e\000n\000e\000f\000i\000t\000s}{subsection.10.3}% 160
\BOOKMARK [3][-]{subsubsection.10.3.2}{\376\377\000P\000r\000a\000c\000t\000i\000c\000a\000l\000\040\000A\000p\000p\000l\000i\000c\000a\000t\000i\000o\000n\000s}{subsection.10.3}% 161
\BOOKMARK [2][-]{subsection.10.4}{\376\377\000L\000i\000m\000i\000t\000a\000t\000i\000o\000n\000s\000\040\000a\000n\000d\000\040\000C\000h\000a\000l\000l\000e\000n\000g\000e\000s}{section.10}% 162
\BOOKMARK [3][-]{subsubsection.10.4.1}{\376\377\000A\000r\000c\000h\000i\000t\000e\000c\000t\000u\000r\000e\000-\000S\000p\000e\000c\000i\000f\000i\000c\000\040\000C\000o\000n\000s\000t\000r\000a\000i\000n\000t\000s}{subsection.10.4}% 163
\BOOKMARK [3][-]{subsubsection.10.4.2}{\376\377\000A\000l\000g\000o\000r\000i\000t\000h\000m\000\040\000L\000i\000m\000i\000t\000a\000t\000i\000o\000n\000s}{subsection.10.4}% 164
\BOOKMARK [2][-]{subsection.10.5}{\376\377\000F\000u\000t\000u\000r\000e\000\040\000R\000e\000s\000e\000a\000r\000c\000h\000\040\000D\000i\000r\000e\000c\000t\000i\000o\000n\000s}{section.10}% 165
\BOOKMARK [3][-]{subsubsection.10.5.1}{\376\377\000S\000h\000o\000r\000t\000-\000T\000e\000r\000m\000\040\000E\000x\000t\000e\000n\000s\000i\000o\000n\000s}{subsection.10.5}% 166
\BOOKMARK [3][-]{subsubsection.10.5.2}{\376\377\000L\000o\000n\000g\000-\000T\000e\000r\000m\000\040\000R\000e\000s\000e\000a\000r\000c\000h}{subsection.10.5}% 167
\BOOKMARK [2][-]{subsection.10.6}{\376\377\000F\000i\000n\000a\000l\000\040\000R\000e\000m\000a\000r\000k\000s}{section.10}% 168
\BOOKMARK [1][-]{section.11}{\376\377\000F\000u\000t\000u\000r\000e\000\040\000W\000o\000r\000k}{}% 169
\BOOKMARK [2][-]{subsection.11.1}{\376\377\000A\000l\000g\000o\000r\000i\000t\000h\000m\000\040\000E\000n\000h\000a\000n\000c\000e\000m\000e\000n\000t\000s}{section.11}% 170
\BOOKMARK [3][-]{subsubsection.11.1.1}{\376\377\000N\000o\000v\000e\000l\000\040\000A\000l\000g\000o\000r\000i\000t\000h\000m\000\040\000D\000e\000v\000e\000l\000o\000p\000m\000e\000n\000t}{subsection.11.1}% 171
\BOOKMARK [3][-]{subsubsection.11.1.2}{\376\377\000A\000d\000a\000p\000t\000i\000v\000e\000\040\000P\000r\000e\000c\000i\000s\000i\000o\000n}{subsection.11.1}% 172
\BOOKMARK [2][-]{subsection.11.2}{\376\377\000S\000y\000s\000t\000e\000m\000-\000L\000e\000v\000e\000l\000\040\000O\000p\000t\000i\000m\000i\000z\000a\000t\000i\000o\000n\000s}{section.11}% 173
\BOOKMARK [3][-]{subsubsection.11.2.1}{\376\377\000M\000u\000l\000t\000i\000-\000G\000P\000U\000\040\000a\000n\000d\000\040\000H\000e\000t\000e\000r\000o\000g\000e\000n\000e\000o\000u\000s\000\040\000C\000o\000m\000p\000u\000t\000i\000n\000g}{subsection.11.2}% 174
\BOOKMARK [3][-]{subsubsection.11.2.2}{\376\377\000P\000o\000w\000e\000r\000\040\000a\000n\000d\000\040\000T\000h\000e\000r\000m\000a\000l\000\040\000M\000a\000n\000a\000g\000e\000m\000e\000n\000t}{subsection.11.2}% 175
\BOOKMARK [2][-]{subsection.11.3}{\376\377\000M\000a\000c\000h\000i\000n\000e\000\040\000L\000e\000a\000r\000n\000i\000n\000g\000\040\000I\000n\000t\000e\000g\000r\000a\000t\000i\000o\000n}{section.11}% 176
\BOOKMARK [3][-]{subsubsection.11.3.1}{\376\377\000A\000u\000t\000o\000n\000o\000m\000o\000u\000s\000\040\000O\000p\000t\000i\000m\000i\000z\000a\000t\000i\000o\000n}{subsection.11.3}% 177
\BOOKMARK [3][-]{subsubsection.11.3.2}{\376\377\000W\000o\000r\000k\000l\000o\000a\000d\000\040\000C\000h\000a\000r\000a\000c\000t\000e\000r\000i\000z\000a\000t\000i\000o\000n}{subsection.11.3}% 178
\BOOKMARK [2][-]{subsection.11.4}{\376\377\000H\000a\000r\000d\000w\000a\000r\000e\000\040\000a\000n\000d\000\040\000S\000o\000f\000t\000w\000a\000r\000e\000\040\000C\000o\000-\000D\000e\000s\000i\000g\000n}{section.11}% 179
\BOOKMARK [3][-]{subsubsection.11.4.1}{\376\377\000H\000a\000r\000d\000w\000a\000r\000e\000\040\000E\000x\000t\000e\000n\000s\000i\000o\000n\000s}{subsection.11.4}% 180
\BOOKMARK [3][-]{subsubsection.11.4.2}{\376\377\000C\000o\000m\000p\000i\000l\000e\000r\000\040\000O\000p\000t\000i\000m\000i\000z\000a\000t\000i\000o\000n\000s}{subsection.11.4}% 181
\BOOKMARK [2][-]{subsection.11.5}{\376\377\000A\000p\000p\000l\000i\000c\000a\000t\000i\000o\000n\000-\000S\000p\000e\000c\000i\000f\000i\000c\000\040\000O\000p\000t\000i\000m\000i\000z\000a\000t\000i\000o\000n\000s}{section.11}% 182
\BOOKMARK [3][-]{subsubsection.11.5.1}{\376\377\000D\000e\000e\000p\000\040\000L\000e\000a\000r\000n\000i\000n\000g\000\040\000W\000o\000r\000k\000l\000o\000a\000d\000s}{subsection.11.5}% 183
\BOOKMARK [3][-]{subsubsection.11.5.2}{\376\377\000B\000r\000o\000a\000d\000e\000r\000\040\000A\000p\000p\000l\000i\000c\000a\000t\000i\000o\000n\000s}{subsection.11.5}% 184
\BOOKMARK [2][-]{subsection.11.6}{\376\377\000E\000v\000a\000l\000u\000a\000t\000i\000o\000n\000\040\000a\000n\000d\000\040\000B\000e\000n\000c\000h\000m\000a\000r\000k\000i\000n\000g}{section.11}% 185
\BOOKMARK [3][-]{subsubsection.11.6.1}{\376\377\000S\000t\000a\000n\000d\000a\000r\000d\000i\000z\000e\000d\000\040\000B\000e\000n\000c\000h\000m\000a\000r\000k\000s}{subsection.11.6}% 186
\BOOKMARK [3][-]{subsubsection.11.6.2}{\376\377\000M\000e\000t\000r\000i\000c\000s\000\040\000a\000n\000d\000\040\000M\000e\000a\000s\000u\000r\000e\000m\000e\000n\000t}{subsection.11.6}% 187
\BOOKMARK [2][-]{subsection.11.7}{\376\377\000C\000o\000m\000m\000u\000n\000i\000t\000y\000\040\000a\000n\000d\000\040\000E\000c\000o\000s\000y\000s\000t\000e\000m\000\040\000D\000e\000v\000e\000l\000o\000p\000m\000e\000n\000t}{section.11}% 188
\BOOKMARK [3][-]{subsubsection.11.7.1}{\376\377\000O\000p\000e\000n\000-\000S\000o\000u\000r\000c\000e\000\040\000E\000c\000o\000s\000y\000s\000t\000e\000m}{subsection.11.7}% 189
\BOOKMARK [3][-]{subsubsection.11.7.2}{\376\377\000I\000n\000d\000u\000s\000t\000r\000y\000\040\000C\000o\000l\000l\000a\000b\000o\000r\000a\000t\000i\000o\000n}{subsection.11.7}% 190
\BOOKMARK [2][-]{subsection.11.8}{\376\377\000C\000h\000a\000l\000l\000e\000n\000g\000e\000s\000\040\000a\000n\000d\000\040\000C\000o\000n\000s\000i\000d\000e\000r\000a\000t\000i\000o\000n\000s}{section.11}% 191
\BOOKMARK [3][-]{subsubsection.11.8.1}{\376\377\000T\000e\000c\000h\000n\000i\000c\000a\000l\000\040\000C\000h\000a\000l\000l\000e\000n\000g\000e\000s}{subsection.11.8}% 192
\BOOKMARK [3][-]{subsubsection.11.8.2}{\376\377\000A\000d\000o\000p\000t\000i\000o\000n\000\040\000C\000h\000a\000l\000l\000e\000n\000g\000e\000s}{subsection.11.8}% 193
\BOOKMARK [1][-]{section.12}{\376\377\000A\000c\000k\000n\000o\000w\000l\000e\000d\000g\000m\000e\000n\000t\000s}{}% 194
\BOOKMARK [2][-]{subsection.12.1}{\376\377\000I\000n\000s\000t\000i\000t\000u\000t\000i\000o\000n\000a\000l\000\040\000S\000u\000p\000p\000o\000r\000t}{section.12}% 195
\BOOKMARK [2][-]{subsection.12.2}{\376\377\000O\000p\000e\000n\000-\000S\000o\000u\000r\000c\000e\000\040\000C\000o\000m\000m\000u\000n\000i\000t\000y}{section.12}% 196
\BOOKMARK [2][-]{subsection.12.3}{\376\377\000T\000e\000c\000h\000n\000i\000c\000a\000l\000\040\000C\000o\000n\000t\000r\000i\000b\000u\000t\000i\000o\000n\000s}{section.12}% 197
\BOOKMARK [2][-]{subsection.12.4}{\376\377\000C\000o\000l\000l\000a\000b\000o\000r\000a\000t\000o\000r\000s\000\040\000a\000n\000d\000\040\000R\000e\000v\000i\000e\000w\000e\000r\000s}{section.12}% 198
\BOOKMARK [2][-]{subsection.12.5}{\376\377\000H\000a\000r\000d\000w\000a\000r\000e\000\040\000D\000o\000n\000a\000t\000i\000o\000n\000s}{section.12}% 199
\BOOKMARK [2][-]{subsection.12.6}{\376\377\000F\000u\000n\000d\000i\000n\000g\000\040\000S\000u\000p\000p\000o\000r\000t}{section.12}% 200
\BOOKMARK [1][-]{appendix.A}{\376\377\000I\000m\000p\000l\000e\000m\000e\000n\000t\000a\000t\000i\000o\000n\000\040\000D\000e\000t\000a\000i\000l\000s}{}% 201
\BOOKMARK [2][-]{subsection.A.1}{\376\377\000O\000p\000e\000n\000C\000L\000\040\000K\000e\000r\000n\000e\000l\000\040\000I\000m\000p\000l\000e\000m\000e\000n\000t\000a\000t\000i\000o\000n\000s}{appendix.A}% 202
\BOOKMARK [3][-]{subsubsection.A.1.1}{\376\377\000L\000o\000w\000-\000R\000a\000n\000k\000\040\000M\000a\000t\000r\000i\000x\000\040\000M\000u\000l\000t\000i\000p\000l\000i\000c\000a\000t\000i\000o\000n\000\040\000K\000e\000r\000n\000e\000l}{subsection.A.1}% 203
\BOOKMARK [3][-]{subsubsection.A.1.2}{\376\377\000C\000o\000p\000p\000e\000r\000s\000m\000i\000t\000h\000-\000W\000i\000n\000o\000g\000r\000a\000d\000\040\000A\000l\000g\000o\000r\000i\000t\000h\000m\000\040\000K\000e\000r\000n\000e\000l}{subsection.A.1}% 204
\BOOKMARK [3][-]{subsubsection.A.1.3}{\376\377\000Q\000u\000a\000n\000t\000u\000m\000\040\000A\000n\000n\000e\000a\000l\000i\000n\000g\000\040\000I\000n\000s\000p\000i\000r\000e\000d\000\040\000K\000e\000r\000n\000e\000l}{subsection.A.1}% 205
\BOOKMARK [2][-]{subsection.A.2}{\376\377\000P\000o\000w\000e\000r\000\040\000P\000r\000o\000f\000i\000l\000i\000n\000g\000\040\000I\000m\000p\000l\000e\000m\000e\000n\000t\000a\000t\000i\000o\000n}{appendix.A}% 206
\BOOKMARK [3][-]{subsubsection.A.2.1}{\376\377\000A\000M\000D\000G\000P\000U\000\040\000P\000o\000w\000e\000r\000\040\000M\000o\000n\000i\000t\000o\000r\000i\000n\000g}{subsection.A.2}% 207
\BOOKMARK [3][-]{subsubsection.A.2.2}{\376\377\000M\000a\000c\000h\000i\000n\000e\000\040\000L\000e\000a\000r\000n\000i\000n\000g\000\040\000A\000l\000g\000o\000r\000i\000t\000h\000m\000\040\000S\000e\000l\000e\000c\000t\000o\000r}{subsection.A.2}% 208
\BOOKMARK [2][-]{subsection.A.3}{\376\377\000B\000e\000n\000c\000h\000m\000a\000r\000k\000\040\000C\000o\000n\000f\000i\000g\000u\000r\000a\000t\000i\000o\000n}{appendix.A}% 209
\BOOKMARK [3][-]{subsubsection.A.3.1}{\376\377\000E\000x\000p\000e\000r\000i\000m\000e\000n\000t\000a\000l\000\040\000S\000e\000t\000u\000p\000\040\000P\000a\000r\000a\000m\000e\000t\000e\000r\000s}{subsection.A.3}% 210
\BOOKMARK [3][-]{subsubsection.A.3.2}{\376\377\000P\000e\000r\000f\000o\000r\000m\000a\000n\000c\000e\000\040\000M\000e\000t\000r\000i\000c\000s\000\040\000C\000a\000l\000c\000u\000l\000a\000t\000i\000o\000n}{subsection.A.3}% 211
\BOOKMARK [2][-]{subsection.A.4}{\376\377\000A\000l\000g\000o\000r\000i\000t\000h\000m\000\040\000S\000e\000l\000e\000c\000t\000i\000o\000n\000\040\000T\000r\000a\000i\000n\000i\000n\000g\000\040\000D\000a\000t\000a}{appendix.A}% 212
\BOOKMARK [3][-]{subsubsection.A.4.1}{\376\377\000F\000e\000a\000t\000u\000r\000e\000\040\000S\000e\000t\000\040\000D\000e\000s\000c\000r\000i\000p\000t\000i\000o\000n}{subsection.A.4}% 213
\BOOKMARK [3][-]{subsubsection.A.4.2}{\376\377\000T\000r\000a\000i\000n\000i\000n\000g\000\040\000D\000a\000t\000a\000s\000e\000t\000\040\000S\000t\000a\000t\000i\000s\000t\000i\000c\000s}{subsection.A.4}% 214
\BOOKMARK [2][-]{subsection.A.5}{\376\377\000E\000r\000r\000o\000r\000\040\000A\000n\000a\000l\000y\000s\000i\000s\000\040\000a\000n\000d\000\040\000V\000a\000l\000i\000d\000a\000t\000i\000o\000n}{appendix.A}% 215
\BOOKMARK [3][-]{subsubsection.A.5.1}{\376\377\000N\000u\000m\000e\000r\000i\000c\000a\000l\000\040\000A\000c\000c\000u\000r\000a\000c\000y\000\040\000V\000a\000l\000i\000d\000a\000t\000i\000o\000n}{subsection.A.5}% 216
\BOOKMARK [3][-]{subsubsection.A.5.2}{\376\377\000S\000t\000a\000t\000i\000s\000t\000i\000c\000a\000l\000\040\000A\000n\000a\000l\000y\000s\000i\000s}{subsection.A.5}% 217
